<?xml version="1.0" encoding="UTF-8"?>
<testsuite xmlns:xsi="http://www.w3.org/2001/XMLSchema-instance" xsi:noNamespaceSchemaLocation="https://maven.apache.org/surefire/maven-surefire-plugin/xsd/surefire-test-report-3.0.xsd" version="3.0" name="com.tvseries.SeriesTest" time="0.153" tests="7" errors="0" skipped="0" failures="0">
  <properties>
[...]
</properties>
  <testcase name="TestSeriesAgeRestriction_SeriesAgeInValid" classname="com.tvseries.SeriesTest" time="0.007"/>
  <testcase name="TestSeriesAgeRestriction_AgeValid" classname="com.tvseries.SeriesTest" time="0.0"/>
  <testcase name="TestUpdateSeries" classname="com.tvseries.SeriesTest" time="0.001"/>
  <testcase name="TestDeleteSeries" classname="com.tvseries.SeriesTest" time="0.001"/>
  <testcase name="TestDeleteSeries_SeriesNotFound" classname="com.tvseries.SeriesTest" time="0.001"/>
  <testcase name="TestSearchSeries" classname="com.tvseries.SeriesTest" time="0.001"/>
  <testcase name="TestSearchSeries_SeriesNotFound" classname="com.tvseries.SeriesTest" time="0.0"/>
</testsuite>